Case #1: 
0.500000000
0.500000000
0.500000000
Case #2: 
0.645833333
0.368055556
0.604166667
0.395833333
Case #3: 
0.487088902
0.428748929
0.486644791
0.463541095
0.561953557
0.538682148
0.403455897
0.554866950
0.499730165
0.549303758
0.563299604
0.493422225
0.492133913
0.553421932
0.541399338
0.560721420
0.518790375
0.439811420
0.540275274
0.514878258
0.492876744
0.447219064
0.519159333
0.496832681
0.518421581
0.426621652
0.528536855
0.515149415
0.557187485
0.409976607
0.464196133
0.554008481
0.486820812
0.471086480
0.492280514
0.577435224
0.539105767
0.517852971
0.543506470
0.515850852
0.425421938
0.399051659
0.501319362
0.491926572
0.527310162
0.553921616
0.553084164
0.537108338
0.559870214
0.517419498
0.547243988
0.526612883
0.506561605
0.504528597
0.539092476
0.499504494
0.474597167
0.535668031
0.443896104
0.493189724
0.546643165
0.497055864
0.506653192
0.539180495
0.399983251
0.533714326
0.477045543
0.508960564
0.405560814
0.510091620
0.511173840
0.494626863
0.522284613
0.508295030
0.548011087
0.416119583
0.529307039
0.503030304
0.505527055
0.482409491
0.518383913
0.566541724
0.419837340
0.462932869
0.527777499
0.381978729
0.469639920
0.566833040
0.382708776
0.521410419
0.412718969
0.451631495
0.450823001
0.466513575
0.549016514
0.426712696
0.470290757
0.520862585
0.564811006
0.499965414
Case #4: 
0.444444444
0.527777778
0.527777778
0.500000000
0.458333333
0.375000000
0.500000000
0.555555556
0.527777778
0.569444444
0.486111111
0.500000000
0.500000000
0.513888889
0.555555556
0.472222222
0.583333333
0.513888889
0.388888889
Case #5: 
0.500000000
0.500000000
0.500000000
0.500000000
0.500000000
0.500000000
0.500000000
0.500000000
0.500000000
0.500000000
0.500000000
0.500000000
0.500000000
0.500000000
0.500000000
0.500000000
0.500000000
0.500000000
0.500000000
0.500000000
0.500000000
0.500000000
0.500000000
0.500000000
0.500000000
0.500000000
0.500000000
0.500000000
0.500000000
0.500000000
0.500000000
0.500000000
0.500000000
0.500000000
0.500000000
0.500000000
0.500000000
0.500000000
0.500000000
0.500000000
0.500000000
0.500000000
0.500000000
0.500000000
0.500000000
0.500000000
0.500000000
0.500000000
0.500000000
0.500000000
0.500000000
0.500000000
0.500000000
0.500000000
0.500000000
0.500000000
0.500000000
0.500000000
0.500000000
0.500000000
0.500000000
0.500000000
0.500000000
0.500000000
0.500000000
0.500000000
0.500000000
0.500000000
0.500000000
0.500000000
0.500000000
0.500000000
0.500000000
0.500000000
0.500000000
0.500000000
0.500000000
0.500000000
0.500000000
0.500000000
0.500000000
0.500000000
0.500000000
0.500000000
0.500000000
0.500000000
0.500000000
0.500000000
0.500000000
0.500000000
0.500000000
0.500000000
0.500000000
0.500000000
0.500000000
0.500000000
0.500000000
0.500000000
0.500000000
Case #6: 
0.503579758
0.554448273
0.543544485
0.517501588
0.472162044
0.462440083
0.477282747
0.511222568
0.614628810
0.410608845
0.539674020
0.457401666
0.557408418
0.559359815
0.441122805
0.517132288
0.424019274
0.543284657
0.508938481
0.470592460
0.473629550
0.525984484
0.512784204
0.504854908
0.485352811
0.522401616
0.556214973
0.462176920
0.556727745
0.482673795
0.484450090
0.507775955
0.526350340
0.493569296
0.473752429
0.498178687
0.529144944
0.493149165
0.409470049
0.424608894
0.531303073
0.555375229
0.518901418
0.493237871
0.551123967
0.534894414
0.403226236
0.431229993
0.507633023
0.567076018
0.512630002
0.481445257
0.510730025
0.485805561
0.500434234
0.495183247
0.540513334
0.610627938
0.520917668
0.429577941
0.520114919
0.538366722
0.451777221
0.458766350
0.534905675
0.525477773
0.458707826
0.526756481
0.409649962
0.489072276
0.538345368
0.458480754
0.542195123
0.407914616
0.422948756
0.462590170
0.389199081
0.502427526
0.525835151
0.537318235
0.505201719
0.534190783
0.471761925
0.562168598
0.414197342
0.584064510
0.407563283
0.556045304
0.587229992
0.524977838
0.524305076
0.405485661
0.397487703
0.568025582
0.501785510
0.519926912
0.515477074
Case #7: 
0.403606223
0.547549376
0.538093924
0.447896815
0.532741276
0.488399984
0.413347862
0.532628905
0.521895798
0.501615364
0.539674710
0.533768966
0.458122029
0.537444728
0.556986855
0.436862336
0.543336317
0.417190743
0.502609801
0.501842737
0.557161953
0.523041358
0.529662546
0.479046534
0.572483615
0.506428909
0.603805499
0.466886973
0.510947642
0.428349116
0.448275767
0.564812432
0.473502525
0.481941534
0.544210728
0.547456661
0.400020797
0.506071702
0.481341377
0.483516121
0.462142424
0.421890179
0.589771679
0.432028009
0.538980186
0.436385035
0.518208485
0.497113141
0.362993662
0.481895542
0.373977015
0.561731029
0.536808591
0.502893349
0.560200004
0.540137737
0.557688351
Case #8: 
0.506544382
0.544594723
0.563620522
0.490242330
0.544126787
0.539233819
0.444478567
0.515546965
0.523036713
0.455406359
0.460631606
0.484373049
0.538051582
0.526600038
0.531380374
0.509280616
0.475289404
0.500533644
0.446151867
0.487875204
0.529238930
0.556521484
0.447931859
0.470044310
0.422282849
0.511692742
0.469190635
0.490090148
0.532253404
0.424152843
0.498124762
0.501177244
0.452624164
0.497442481
0.565490491
0.548211044
Case #9: 
0.526045420
0.593287566
0.540160548
0.474261490
0.414831144
0.446101036
0.416361856
0.500423321
0.504374337
0.543932495
0.543575429
0.521768980
0.417890495
0.460221365
0.536201986
0.421409266
0.393270881
0.507986608
0.523276921
0.548559469
0.561611155
0.478466830
0.525716970
0.571502862
0.540376986
0.514689318
0.525727367
0.536462943
0.491268515
0.432119024
0.467467096
0.507791917
0.509000775
0.514839433
0.512410641
0.498740077
0.452927635
0.535539888
0.458884514
0.593306569
0.529981823
0.568601709
0.501944473
0.509512098
0.493976329
0.427043573
0.421024391
0.526697594
0.432196295
0.561427557
0.507516768
0.567078494
0.526539495
0.508954213
0.535919117
0.540714741
0.407400021
0.509286488
0.487871505
0.505827204
0.548607739
0.507543559
0.416696839
0.518229773
0.495276288
0.459725111
0.518909510
0.471306925
0.530914349
0.505808520
0.547784789
0.447054916
0.440094293
0.555210496
0.491197201
0.508648275
0.490773071
0.432251841
0.504112432
0.538864811
0.528965173
0.569110942
0.544753031
0.377213173
0.507968117
0.423337551
0.505999722
Case #10: 
0.463383838
0.468434343
0.566919192
0.602272727
0.380050505
0.460858586
0.458333333
0.422979798
0.582070707
0.554292929
0.491161616
0.597222222
0.544191919
0.614898990
0.385101010
0.481060606
0.478535354
0.425505051
0.506313131
0.410353535
0.574494949
0.559343434
0.546717172
0.428030303
0.493686869
0.433080808
0.523989899
0.392676768
0.529040404
0.513888889
0.612373737
0.521464646
0.486111111
0.561868687
0.609848485
0.415404040
0.450757576
0.400252525
0.607323232
0.501262626
0.445707071
0.556818182
0.496212121
0.518939394
0.539141414
0.498737374
0.622474747
0.407828283
0.387626263
0.564393939
0.395202020
0.584595960
0.488636364
0.536616162
0.453282828
0.483585859
0.571969697
0.604797980
0.412878788
0.508838384
0.375000000
0.470959596
0.402777778
0.465909091
0.503787879
0.455808081
0.587121212
0.625000000
0.420454545
0.511363636
0.443181818
0.619949495
0.435606061
0.577020202
0.589646465
0.473484848
0.382575758
0.617424242
0.516414141
0.430555556
0.377525253
0.534090909
0.569444444
0.592171717
0.541666667
0.448232323
0.599747475
0.417929293
0.549242424
0.476010101
0.390151515
0.397727273
0.579545455
0.531565657
0.594696970
0.440656566
0.551767677
0.438131313
0.405303030
0.526515152
Case #11: 
0.625000000
0.622474747
0.619949495
0.617424242
0.614898990
0.612373737
0.609848485
0.607323232
0.604797980
0.602272727
0.599747475
0.597222222
0.594696970
0.592171717
0.589646465
0.587121212
0.584595960
0.582070707
0.579545455
0.577020202
0.574494949
0.571969697
0.569444444
0.566919192
0.564393939
0.561868687
0.559343434
0.556818182
0.554292929
0.551767677
0.549242424
0.546717172
0.544191919
0.541666667
0.539141414
0.536616162
0.534090909
0.531565657
0.529040404
0.526515152
0.523989899
0.521464646
0.518939394
0.516414141
0.513888889
0.511363636
0.508838384
0.506313131
0.503787879
0.501262626
0.498737374
0.496212121
0.493686869
0.491161616
0.488636364
0.486111111
0.483585859
0.481060606
0.478535354
0.476010101
0.473484848
0.470959596
0.468434343
0.465909091
0.463383838
0.460858586
0.458333333
0.455808081
0.453282828
0.450757576
0.448232323
0.445707071
0.443181818
0.440656566
0.438131313
0.435606061
0.433080808
0.430555556
0.428030303
0.425505051
0.422979798
0.420454545
0.417929293
0.415404040
0.412878788
0.410353535
0.407828283
0.405303030
0.402777778
0.400252525
0.397727273
0.395202020
0.392676768
0.390151515
0.387626263
0.385101010
0.382575758
0.380050505
0.377525253
0.375000000
Case #12: 
0.506865888
0.521814119
0.505699431
0.516636558
0.560905067
0.536551898
0.532669997
0.517259542
0.565620286
0.417747860
0.464656919
0.434908567
0.581123139
0.430518903
0.525420994
0.510535980
0.462445307
0.534533894
0.518206543
0.515867006
0.501554870
0.492272234
0.542027643
0.462684545
0.535228219
0.485966777
0.538670436
0.521157118
0.526632821
0.473003652
0.501048671
0.527215244
0.525387343
0.394270021
0.536673982
0.470794585
0.498508918
0.542926214
0.390450021
0.446371368
0.452816241
0.540652454
0.524729440
0.532275866
0.527793856
0.456909440
0.384848487
0.542846033
0.549807014
0.553682096
0.408816503
0.454300607
Case #13: 
0.506467480
0.571638381
0.530292609
0.526582970
0.510321833
0.521753590
0.429030402
0.495446869
0.495383104
0.399640368
0.550757655
0.495677511
0.458701511
0.439620108
0.505705655
0.525275681
0.465751099
0.499972338
0.529634449
0.458260338
0.481702278
0.428784149
0.514305038
0.540994641
0.455702471
0.463614385
0.556341677
0.575910218
0.549973269
0.477821535
0.548804258
0.471271016
0.531489816
0.409032782
0.503912468
0.566311843
0.406833756
0.537835547
0.566463788
0.453835603
0.428653997
0.507614256
0.531120378
0.482189490
0.543319357
0.509722278
0.451592103
0.398260813
0.485656161
0.540418562
0.510764814
0.570434409
0.540801916
Case #14: 
0.500143807
0.463618819
0.490348824
0.509808569
0.505487772
0.551025340
0.466334906
0.510432059
0.501000703
0.532812224
0.420908952
0.433850998
0.411932964
0.503408989
0.491103198
0.550465773
0.522551741
0.530428285
0.508591911
0.450341249
0.493803779
0.512171793
0.487063532
0.464734424
0.524321877
0.528211081
0.520348438
0.518642500
0.418835126
0.492288757
0.546254687
0.532040799
0.508644682
0.515076764
0.518663433
0.455555351
0.509963984
0.482635200
0.477877728
0.383137377
0.430924924
0.521136683
0.537149565
0.508995755
0.538287292
0.507249716
0.569324385
0.383802066
0.554663775
0.496680901
0.559904703
0.532597473
0.580487151
0.511085299
0.505604446
0.546966476
0.531033853
0.522018542
0.444419710
0.445029136
0.530647967
Case #15: 
0.425947087
0.514743219
0.495253768
0.555659594
0.514358795
0.424005489
0.431770613
0.552616829
0.541803832
0.412241278
0.494604467
0.517903681
0.400183396
0.515542976
0.459709859
0.481625967
0.485365154
0.518249186
0.555706461
0.526675925
0.487435241
0.475051739
0.534425096
0.544419680
0.508950730
0.556256339
0.457076036
0.484086365
0.537534413
0.388697240
0.395354223
0.537208380
0.538826201
0.494248585
0.558706346
0.480837149
0.546439331
0.472280005
0.455881021
0.558850672
0.437302046
0.530254008
0.531242843
0.522519000
0.534175591
0.489666671
0.469823131
0.501969771
0.390162522
0.510636348
0.504639096
0.513306015
0.530951848
0.534610334
0.503183180
0.566250607
0.512673431
0.528038148
0.522327363
0.492332493
0.513293665
0.531879970
0.503952004
0.446070105
0.506558996
0.479751913
0.524931832
0.548132104
0.528969903
0.475391096
0.527176122
0.463182247
0.535339870
0.464359741
0.442205001
0.512355788
0.489473417
0.569342624
0.530663414
0.388479874
0.457611841
0.545774745
0.528370806
0.530327186
0.446250382
0.511654810
0.535509463
0.434009250
0.510424069
0.527342545
0.530641470
0.487684608
0.496969712
0.435510276
0.519613055
0.555925518
0.469312544
0.545206961
0.447650843
0.540650774
Case #16: 
0.522887356
0.568310085
0.514959875
0.552539610
0.579674139
0.608343819
0.313209611
0.462533820
0.392523210
0.479341447
0.471009796
0.531365295
0.482577747
0.506713322
0.642000016
0.369149346
0.424919218
0.480036413
0.359227811
0.576484046
0.522872924
0.701847024
0.369016865
0.492774426
0.515720021
0.537572752
0.790578704
0.569980249
0.632513564
0.496168206
0.698704117
0.371630742
0.642728489
0.480702035
0.499920274
0.405315237
0.451707856
0.528047620
0.589981387
0.512219510
0.585463514
0.492076168
0.381219029
0.349913592
0.585873767
0.487203915
0.496551227
0.488591270
0.547806087
0.588334760
0.502895147
0.548729787
0.501022581
0.488747595
0.627366398
0.499946707
0.492065972
0.438922033
0.519876486
0.471096852
0.483492458
0.490983245
0.515726239
0.536508677
0.585091234
0.429017864
0.434107594
0.440462453
0.553933434
0.490736402
0.435606039
0.538666555
0.482700207
0.487832014
0.391538806
0.550732569
0.504661990
0.555759366
0.341733005
0.668361512
0.366358109
0.390399005
0.408860849
0.446839150
0.431573605
0.547303571
0.420528722
0.825988907
0.512518616
0.538691435
0.643142268
Case #17: 
0.506223006
0.526886173
0.376902958
0.274525613
0.454445767
0.436915105
0.691196814
0.535566098
0.605733620
0.511150818
0.474966831
0.537721831
0.400308738
0.678705411
0.584947913
0.425127233
0.544688327
0.554019974
0.461179178
0.526679379
0.491513889
0.566930565
0.466474116
0.436002893
0.425399715
0.611084205
0.555326934
0.532020233
0.626656599
0.352075893
0.540714114
0.465864314
0.578200102
0.400194695
0.497669853
0.440190045
0.617628853
0.424355749
0.478608506
0.426744232
0.507029722
0.420081675
0.507885402
0.497782513
0.360831758
0.475934055
0.512583628
0.473063898
0.591075763
0.598958018
Case #18: 
0.389583333
0.578125000
0.416666667
0.062500000
0.261111111
0.462962963
0.708796296
0.513888889
0.727361111
0.687500000
0.729166667
0.520833333
0.484375000
0.411458333
0.627777778
0.281250000
0.442708333
0.500000000
0.631250000
0.111111111
0.479166667
0.395833333
0.222222222
0.379166667
0.682291667
0.585833333
0.333333333
0.472222222
0.328125000
0.555555556
0.555555556
0.380208333
0.454861111
0.529166667
0.656250000
0.370370370
0.541666667
0.558333333
0.640625000
0.537083333
0.372222222
0.562500000
0.468750000
0.631944444
0.723958333
0.486111111
0.354166667
0.678240741
0.320208333
0.679687500
0.479166667
0.266666667
0.229166667
0.385416667
0.500000000
0.588333333
0.618055556
0.603298611
0.484375000
0.361111111
0.604166667
0.683333333
0.302083333
0.677083333
0.463541667
0.513888889
0.563888889
0.913194444
0.577777778
0.468750000
0.333333333
0.475000000
0.517361111
0.442708333
0.335069444
0.372685185
0.697916667
0.858333333
0.406250000
0.510416667
0.649305556
0.366666667
0.480324074
0.373194444
0.703125000
0.625000000
0.520833333
0.541666667
0.538194444
0.596064815
0.254166667
0.618055556
0.409027778
0.558333333
0.437500000
0.347222222
0.545138889
0.541666667
0.631944444
0.284722222
Case #19: 
0.458840924
0.535761778
0.519723431
0.501125336
0.402839720
0.533232201
0.461578797
0.516562306
0.576635462
0.558239008
0.493342045
0.527255021
0.397012377
0.380839407
0.540237684
0.540126479
0.485821289
0.562937656
0.481080036
0.468264770
0.521459941
0.472611653
0.548162533
0.435243302
0.519189791
0.408269659
0.562726053
0.512352856
0.446081071
0.505311717
0.525161346
0.552182031
0.466055220
0.578836185
0.488043881
0.447281730
0.506962544
0.542436566
0.403359323
0.484678332
0.418887340
0.518090250
0.554044767
0.513535412
0.533493692
0.579287434
0.530025404
0.439119960
0.542219206
0.568336904
0.526325532
0.488107436
0.463408971
0.526021710
0.446516534
0.544169546
0.473465875
Case #20: 
0.510119803
0.421812746
0.424893206
0.645349702
0.473882551
0.434923641
0.546133196
0.512471561
0.417512927
0.504825220
0.499388916
0.501699797
0.431532738
0.417451299
0.427378472
0.535764247
0.403906801
0.450184540
0.619933055
0.443975281
0.444115410
0.514069775
0.517377839
0.452331717
0.446063437
0.606585036
0.449910053
0.618169589
0.531746919
0.568370164
0.489826625
0.563655754
0.602078609
0.680287698
0.398377625
0.529930940
0.462638822
0.399426557
0.570839652
0.507690697
0.529960214
0.460017329
0.422217788
0.666762773
0.430503655
0.365806052
