Case #1: 
0.500000000
0.500000000
0.500000000
Case #2: 
0.645833333
0.368055556
0.604166667
0.395833333
Case #3: 
0.424768519
0.694444444
0.500000000
0.462962963
0.505208333
0.378472222
0.561631944
0.305555556
0.641493056
0.500000000
Case #4: 
0.329861111
0.222222222
0.921875000
0.538194444
0.631944444
0.361111111
0.652777778
0.276041667
Case #5: 
0.263888889
0.736111111
0.500000000
0.708333333
0.291666667
Case #6: 
0.579861111
0.522569444
0.631944444
0.647569444
0.222222222
0.315972222
Case #7: 
0.619791667
0.586458333
0.339583333
0.543750000
0.346875000
0.551736111
Case #8: 
0.524305556
0.508680556
0.552951389
0.469618056
0.432291667
0.479166667
Case #9: 
0.458333333
0.625000000
0.375000000
0.541666667
Case #10: 
0.555373677
0.544771825
0.374054233
0.460059524
0.513707011
0.407281746
0.603105159
0.550443122
Case #11: 
0.500000000
0.375000000
0.625000000
Case #12: 
0.281250000
0.416666667
0.250000000
0.968750000
0.416666667
0.354166667
0.687500000
0.444444444
0.500000000
0.781250000
Case #13: 
0.625000000
0.597222222
0.569444444
0.541666667
0.513888889
0.486111111
0.458333333
0.430555556
0.402777778
0.375000000
Case #14: 
0.000000000
0.187500000
0.250000000
0.500000000
0.750000000
0.812500000
1.000000000
Case #15: 
0.302083333
0.390625000
0.177083333
0.666666667
0.791666667
0.760416667
0.562500000
0.451388889
Case #16: 
0.597222222
0.458333333
0.430555556
0.625000000
0.541666667
0.513888889
0.569444444
0.375000000
0.486111111
0.402777778
Case #17: 
0.559146471
0.563395957
0.419060273
0.436568169
0.454970651
0.506619145
0.572871935
0.509386072
0.560083420
0.373690388
Case #18: 
0.437500000
0.333333333
0.687500000
0.671875000
0.500000000
0.354166667
Case #19: 
0.500000000
0.500000000
0.500000000
0.500000000
0.500000000
0.500000000
0.500000000
0.500000000
0.500000000
Case #20: 
0.511019975
0.519591567
0.372800082
0.499762445
0.460100545
0.538925944
0.455539809
0.646737213
0.474202019
0.536412126
