Case #1: 
44.721359550
25.000000000
25.000000000
Case #2: 
50000.000000000
50000.000000000
Case #3: 
1.414213562
0.451523641
Case #4: 
141.421356237
65.938047340
45.152364099
Case #5: 
1.414213562
0.659380473
0.451523641
Case #6: 
2.470687046
1.449611243
1.661341470
2.184532502
1.638767846
4.460941605
1.424269042
1.607611764
Case #7: 
10.951630705
32.376843577
14.522999175
15.262590431
12.024457834
19.814306487
11.454103877
19.926569745
10.337130603
23.676292888
Case #8: 
45.395063152
45.160704007
134.175732801
44.929937530
121.116534027
45.044877440
128.463483787
45.513619278
140.724695772
123.423722941
Case #9: 
1.893081178
1.757759000
1.757759000
2.184094840
3.757658846
1.757759000
2.670451859
1.757759000
1.757759000
1.757759000
Case #10: 
88307.750000000
88307.750000000
88307.750000000
88307.750000000
88307.750000000
88307.750000000
88307.750000000
88307.750000000
Case #11: 
100000.000000000
100000.000000000
100000.000000000
100000.000000000
100000.000000000
100000.000000000
100000.000000000
100000.000000000
100000.000000000
Case #12: 
44.646894379
39.364859014
39.364859014
39.364859014
39.364859014
62.980596659
51.510232518
88.621554940
39.953682533
39.364859014
Case #13: 
72998.592017265
72998.592017265
72998.592017265
72998.592017265
72998.592017265
72998.592017265
72998.592017265
72998.592017265
72998.592017265
Case #14: 
10.075994428
7.939468801
16.646654652
11.130678714
11.340826680
17.901343541
8.303295222
10.344982200
12.969849991
8.699164428
Case #15: 
50.493955000
75.218158902
50.493955000
50.493955000
50.493955000
50.493955000
60.933672957
50.493955000
109.001467880
Case #16: 
32.251120018
44.311918652
30.346575093
30.188106255
40.757127719
49.604120293
37.037084721
29.810954400
Case #17: 
43399.812420378
43399.812420378
43399.812420378
43399.812420378
43399.812420378
43399.812420378
43399.812420378
43399.812420378
Case #18: 
24.823213313
14.143914500
15.715460811
20.302276533
34.929357280
14.392390934
14.143914500
17.597155977
14.143914500
15.747370409
Case #19: 
73.666832693
52.575472000
52.575472000
52.575472000
52.923814941
81.335910572
105.004209031
101.070060631
71.599062364
Case #20: 
26.118254000
48.072168636
26.118254000
45.289339995
26.118254000
52.039649067
26.118254000
26.118254000
26.118254000
