Case #1: 
17 20 
18 19 
Case #2: 
2894 4454 9600 
4210 5690 7048 
Case #3: 
4978 3430 3732 4224 
3502 4804 4468 3530 60 
Case #4: 
3710 440 3690 576 1264 
3344 4328 2008 
Case #5: 
1414 34511 44352 83614 
72337 91554 
Case #6: 
72946 69289 98893 91949 
97047 99682 34026 4069 53720 31507 13026 
Case #7: 
50236 44219 97928 62377 14095 
68291 79364 46238 74962 
Case #8: 
41262 73927 38012 23335 
57908 27402 26909 64317 
Case #9: 
3572 4911 1455 
2351 4228 3359 
Case #10: 
79687 55401 37596 6787 68085 
95129 76097 76330 
